<?xml version="1.0" encoding="UTF-8"?>
<robot generator="Robot 4.1.2 (Python 3.8.10 on linux)" generated="20220808 23:49:11.611" rpa="false" schemaversion="2">
<suite id="s1" name="Ex01" source="/home/andre-martins/Área de Trabalho/Estudos André/Exercicios de automação/Iniciante/ex01.robot">
<test id="s1-t1" name="Acess login home itera">
<kw name="Open the site itera" library="resource01">
<kw name="Open Browser" library="SeleniumLibrary">
<arg>url=${URL}</arg>
<arg>browser=${BROWSER}</arg>
<doc>Opens a new browser instance to the optional ``url``.</doc>
<msg timestamp="20220808 23:49:11.710" level="INFO">Opening browser 'Chrome' to base url 'https://itera-qa.azurewebsites.net/home/automation'.</msg>
<status status="PASS" starttime="20220808 23:49:11.710" endtime="20220808 23:49:15.070"/>
</kw>
<status status="PASS" starttime="20220808 23:49:11.710" endtime="20220808 23:49:15.071"/>
</kw>
<kw name="Enter the name" library="resource01">
<kw name="Input Text" library="SeleniumLibrary">
<arg>//*[@id="name"]</arg>
<arg>Arya Stark</arg>
<doc>Types the given ``text`` into the text field identified by ``locator``.</doc>
<msg timestamp="20220808 23:49:15.072" level="INFO">Typing text 'Arya Stark' into text field '//*[@id="name"]'.</msg>
<status status="PASS" starttime="20220808 23:49:15.071" endtime="20220808 23:49:15.148"/>
</kw>
<status status="PASS" starttime="20220808 23:49:15.071" endtime="20220808 23:49:15.148"/>
</kw>
<kw name="Enter the mobile number" library="resource01">
<kw name="Input Text" library="SeleniumLibrary">
<arg>//*[@id="phone"]</arg>
<arg>555-1234</arg>
<doc>Types the given ``text`` into the text field identified by ``locator``.</doc>
<msg timestamp="20220808 23:49:15.149" level="INFO">Typing text '555-1234' into text field '//*[@id="phone"]'.</msg>
<status status="PASS" starttime="20220808 23:49:15.149" endtime="20220808 23:49:15.212"/>
</kw>
<status status="PASS" starttime="20220808 23:49:15.148" endtime="20220808 23:49:15.212"/>
</kw>
<kw name="Enter de email" library="resource01">
<kw name="Input Text" library="SeleniumLibrary">
<arg>//*[@id="email"]</arg>
<arg>arya.stark@winterfell.com</arg>
<doc>Types the given ``text`` into the text field identified by ``locator``.</doc>
<msg timestamp="20220808 23:49:15.213" level="INFO">Typing text 'arya.stark@winterfell.com' into text field '//*[@id="email"]'.</msg>
<status status="PASS" starttime="20220808 23:49:15.212" endtime="20220808 23:49:15.281"/>
</kw>
<status status="PASS" starttime="20220808 23:49:15.212" endtime="20220808 23:49:15.281"/>
</kw>
<kw name="Enter de password" library="resource01">
<kw name="Input Text" library="SeleniumLibrary">
<arg>//*[@id="password"]</arg>
<arg>123456</arg>
<doc>Types the given ``text`` into the text field identified by ``locator``.</doc>
<msg timestamp="20220808 23:49:15.282" level="INFO">Typing text '123456' into text field '//*[@id="password"]'.</msg>
<status status="PASS" starttime="20220808 23:49:15.282" endtime="20220808 23:49:15.345"/>
</kw>
<status status="PASS" starttime="20220808 23:49:15.281" endtime="20220808 23:49:15.345"/>
</kw>
<kw name="Enter the adress" library="resource01">
<kw name="Input Text" library="SeleniumLibrary">
<arg>//*[@id="address"]</arg>
<arg>Rua Winterfell 13 B</arg>
<doc>Types the given ``text`` into the text field identified by ``locator``.</doc>
<msg timestamp="20220808 23:49:15.345" level="INFO">Typing text 'Rua Winterfell 13 B' into text field '//*[@id="address"]'.</msg>
<status status="PASS" starttime="20220808 23:49:15.345" endtime="20220808 23:49:15.407"/>
</kw>
<status status="PASS" starttime="20220808 23:49:15.345" endtime="20220808 23:49:15.408"/>
</kw>
<kw name="Click in the submit" library="resource01">
<kw name="Click Button" library="SeleniumLibrary">
<arg>id="submit"</arg>
<doc>Clicks the button identified by ``locator``.</doc>
<msg timestamp="20220808 23:49:15.408" level="INFO">Clicking button 'id="submit"'.</msg>
<kw name="Capture Page Screenshot" library="SeleniumLibrary">
<doc>Takes a screenshot of the current page and embeds it into a log file.</doc>
<msg timestamp="20220808 23:49:15.559" level="INFO" html="true">&lt;/td&gt;&lt;/tr&gt;&lt;tr&gt;&lt;td colspan="3"&gt;&lt;a href="selenium-screenshot-5.png"&gt;&lt;img src="selenium-screenshot-5.png" width="800px"&gt;&lt;/a&gt;</msg>
<status status="PASS" starttime="20220808 23:49:15.424" endtime="20220808 23:49:15.559"/>
</kw>
<msg timestamp="20220808 23:49:15.561" level="FAIL">InvalidSelectorException: Message: invalid selector: An invalid or illegal selector was specified
  (Session info: chrome=104.0.5112.79)
Stacktrace:
#0 0x55aa43814193 &lt;unknown&gt;
#1 0x55aa436395d8 &lt;unknown&gt;
#2 0x55aa4363c437 &lt;unknown&gt;
#3 0x55aa4363c2e4 &lt;unknown&gt;
#4 0x55aa4363c59c &lt;unknown&gt;
#5 0x55aa4366face &lt;unknown&gt;
#6 0x55aa4366ff71 &lt;unknown&gt;
#7 0x55aa436a2c01 &lt;unknown&gt;
#8 0x55aa4368d8dd &lt;unknown&gt;
#9 0x55aa436a08e1 &lt;unknown&gt;
#10 0x55aa4368d7a3 &lt;unknown&gt;
#11 0x55aa4366329a &lt;unknown&gt;
#12 0x55aa436643a5 &lt;unknown&gt;
#13 0x55aa43857b16 &lt;unknown&gt;
#14 0x55aa4385ab41 &lt;unknown&gt;
#15 0x55aa4384262e &lt;unknown&gt;
#16 0x55aa4385b4b1 &lt;unknown&gt;
#17 0x55aa43836f15 &lt;unknown&gt;
#18 0x55aa43875878 &lt;unknown&gt;
#19 0x55aa438759f8 &lt;unknown&gt;
#20 0x55aa4388fba2 &lt;unknown&gt;
#21 0x7f2434be5609 &lt;unknown&gt;
</msg>
<status status="FAIL" starttime="20220808 23:49:15.408" endtime="20220808 23:49:15.561"/>
</kw>
<status status="FAIL" starttime="20220808 23:49:15.408" endtime="20220808 23:49:15.561"/>
</kw>
<status status="FAIL" starttime="20220808 23:49:11.709" endtime="20220808 23:49:15.562">InvalidSelectorException: Message: invalid selector: An invalid or illegal selector was specified
  (Session info: chrome=104.0.5112.79)
Stacktrace:
#0 0x55aa43814193 &lt;unknown&gt;
#1 0x55aa436395d8 &lt;unknown&gt;
#2 0x55aa4363c437 &lt;unknown&gt;
#3 0x55aa4363c2e4 &lt;unknown&gt;
#4 0x55aa4363c59c &lt;unknown&gt;
#5 0x55aa4366face &lt;unknown&gt;
#6 0x55aa4366ff71 &lt;unknown&gt;
#7 0x55aa436a2c01 &lt;unknown&gt;
#8 0x55aa4368d8dd &lt;unknown&gt;
#9 0x55aa436a08e1 &lt;unknown&gt;
#10 0x55aa4368d7a3 &lt;unknown&gt;
#11 0x55aa4366329a &lt;unknown&gt;
#12 0x55aa436643a5 &lt;unknown&gt;
#13 0x55aa43857b16 &lt;unknown&gt;
#14 0x55aa4385ab41 &lt;unknown&gt;
#15 0x55aa4384262e &lt;unknown&gt;
#16 0x55aa4385b4b1 &lt;unknown&gt;
#17 0x55aa43836f15 &lt;unknown&gt;
#18 0x55aa43875878 &lt;unknown&gt;
#19 0x55aa438759f8 &lt;unknown&gt;
#20 0x55aa4388fba2 &lt;unknown&gt;
#21 0x7f2434be5609 &lt;unknown&gt;
</status>
</test>
<doc>login de usuário</doc>
<status status="FAIL" starttime="20220808 23:49:11.612" endtime="20220808 23:49:15.562"/>
</suite>
<statistics>
<total>
<stat pass="0" fail="1" skip="0">All Tests</stat>
</total>
<tag>
</tag>
<suite>
<stat pass="0" fail="1" skip="0" id="s1" name="Ex01">Ex01</stat>
</suite>
</statistics>
<errors>
</errors>
</robot>
